<?xml version="1.0" encoding="UTF-8"?>
<!-- Generated by org.testng.reporters.JUnitXMLReporter -->
<testsuite ignored="0" hostname="DESKTOP-PG74VPK" failures="0" tests="7" name="ISpeakBetter2021 test" time="130.573" errors="0" timestamp="2021-03-10T03:32:37 TRT">
  <testcase classname="com.IspeakBetter.test.loginPageTest" name="GetTitle" time="0.106"/>
  <testcase classname="com.IspeakBetter.test.loginPageTest" name="Logintest" time="1.143"/>
  <testcase classname="com.IspeakBetter.test.loginPageTest" name="TryFreeTest" time="0.515"/>
  <testcase classname="com.IspeakBetter.test.loginPageTest" name="CoursesTest" time="5.62"/>
  <testcase classname="com.IspeakBetter.test.loginPageTest" name="LanguagesTest" time="3.385"/>
  <testcase classname="com.IspeakBetter.test.loginPageTest" name="BlogtTest" time="6.459"/>
  <testcase classname="com.IspeakBetter.test.loginPageTest" name="seeCoursesTest" time="7.781"/>
</testsuite> <!-- ISpeakBetter2021 test -->
